<?xml version="1.0" encoding="UTF-8"?>
<!-- Generated by org.testng.reporters.JUnitReportReporter -->
<testsuite hostname="DESKTOP-KJQ2V0H" failures="0" tests="2" name="com.MAVEN_Practies.ReadingTheDataFromCommandLineTest" time="0.011" errors="0" timestamp="2022-04-29T10:52:49 IST" skipped="0">
  <testcase classname="com.MAVEN_Practies.ReadingTheDataFromCommandLineTest" name="fistdata" time="0.002"/>
  <system-out/>
  <testcase classname="com.MAVEN_Practies.ReadingTheDataFromCommandLineTest" name="ReadingTheDataFromCommandTest" time="0.009"/>
  <system-out/>
</testsuite> <!-- com.MAVEN_Practies.ReadingTheDataFromCommandLineTest -->
