<?xml version="1.0" encoding="UTF-8"?>
<!-- Generated by org.testng.reporters.JUnitReportReporter -->
<testsuite hostname="DESKTOP-KJQ2V0H" failures="0" tests="3" name="com.MAVEN_Practies.SecondTest" time="0.013" errors="0" timestamp="2022-04-29T10:53:23 IST" skipped="0">
  <testcase classname="com.MAVEN_Practies.SecondTest" name="secondTest" time="0.010"/>
  <system-out/>
  <testcase classname="com.MAVEN_Practies.SecondTest" name="testdata" time="0.002"/>
  <system-out/>
  <testcase classname="com.MAVEN_Practies.SecondTest" name="testdata2" time="0.001"/>
  <system-out/>
</testsuite> <!-- com.MAVEN_Practies.SecondTest -->
